<?xml version="1.0" encoding="UTF-8"?>
<testsuite name="ch.abbts.nds.swe.swdt.starter.logic.EmployeeTest" tests="1" skipped="0" failures="0" errors="0" timestamp="2021-06-03T09:07:17" hostname="CHLFSTL0023" time="0.048">
  <properties/>
  <testcase name="Of exact age" classname="ch.abbts.nds.swe.swdt.starter.logic.EmployeeTest" time="0.048"/>
  <system-out><![CDATA[]]></system-out>
  <system-err><![CDATA[]]></system-err>
</testsuite>
